E:\InsAI\git\Insai_deepfashion2\web_demo/static/uploads/
E:\InsAI\git\Insai_deepfashion2\web_demo/static/uploads/
saving E:\InsAI\git\Insai_deepfashion2\web_demo/static/uploads/6.jpg
E:\InsAI\git\Insai_deepfashion2\web_demo/static/uploads/
saving E:\InsAI\git\Insai_deepfashion2\web_demo/static/uploads/5.jpg
E:\InsAI\git\Insai_deepfashion2\web_demo/static/uploads/
saving E:\InsAI\git\Insai_deepfashion2\web_demo/static/uploads/5.jpg
E:\InsAI\git\Insai_deepfashion2\web_demo/static/uploads/
saving E:\InsAI\git\Insai_deepfashion2\web_demo/static/uploads/5.jpg
E:\InsAI\git\Insai_deepfashion2\web_demo/static/uploads/
saving E:\InsAI\git\Insai_deepfashion2\web_demo/static/uploads/4.jpg
E:\InsAI\git\Insai_deepfashion2\web_demo/static/uploads/
saving E:\InsAI\git\Insai_deepfashion2\web_demo/static/uploads/6.jpg
E:\InsAI\git\Insai_deepfashion2\web_demo/static/uploads/
saving E:\InsAI\git\Insai_deepfashion2\web_demo/static/uploads/9.jpg
E:\InsAI\git\Insai_deepfashion2\web_demo/static/uploads/
saving E:\InsAI\git\Insai_deepfashion2\web_demo/static/uploads/5.jpg
E:\InsAI\git\Insai_deepfashion2\web_demo/static/uploads/
saving E:\InsAI\git\Insai_deepfashion2\web_demo/static/uploads/3.jpg
E:\InsAI\git\Insai_deepfashion2\web_demo/static/uploads/
saving E:\InsAI\git\Insai_deepfashion2\web_demo/static/uploads/6.jpg
E:\InsAI\git\Insai_deepfashion2\web_demo/static/uploads/
saving E:\InsAI\git\Insai_deepfashion2\web_demo/static/uploads/4.jpg
E:\InsAI\git\Insai_deepfashion2\web_demo/static/uploads/
saving E:\InsAI\git\Insai_deepfashion2\web_demo/static/uploads/4.jpg
E:\InsAI\git\Insai_deepfashion2\web_demo/static/uploads/
saving E:\InsAI\git\Insai_deepfashion2\web_demo/static/uploads/8.jpg
E:\InsAI\git\Insai_deepfashion2\web_demo/static/uploads/
saving E:\InsAI\git\Insai_deepfashion2\web_demo/static/uploads/4.jpg
E:\InsAI\git\Insai_deepfashion2\web_demo/static/uploads/
saving E:\InsAI\git\Insai_deepfashion2\web_demo/static/uploads/4.jpg
E:\InsAI\git\Insai_deepfashion2\web_demo/static/uploads/
saving E:\InsAI\git\Insai_deepfashion2\web_demo/static/uploads/4.jpg
E:\InsAI\git\Insai_deepfashion2\web_demo/static/uploads/
saving E:\InsAI\git\Insai_deepfashion2\web_demo/static/uploads/5.jpg
E:\InsAI\git\Insai_deepfashion2\web_demo/static/uploads/
saving E:\InsAI\git\Insai_deepfashion2\web_demo/static/uploads/5.jpg
E:\InsAI\git\Insai_deepfashion2\web_demo/static/uploads/
saving E:\InsAI\git\Insai_deepfashion2\web_demo/static/uploads/4.jpg
E:\InsAI\git\Insai_deepfashion2\web_demo/static/uploads/
saving E:\InsAI\git\Insai_deepfashion2\web_demo/static/uploads/6.jpg
E:\InsAI\git\Insai_deepfashion2\web_demo/static/uploads/
saving E:\InsAI\git\Insai_deepfashion2\web_demo/static/uploads/5.jpg
E:\InsAI\git\Insai_deepfashion2\web_demo/static/uploads/
saving E:\InsAI\git\Insai_deepfashion2\web_demo/static/uploads/4.jpg
E:\InsAI\git\Insai_deepfashion2\web_demo/static/uploads/
saving E:\InsAI\git\Insai_deepfashion2\web_demo/static/uploads/7.jpg
E:\InsAI\git\Insai_deepfashion2\web_demo/static/uploads/
saving E:\InsAI\git\Insai_deepfashion2\web_demo/static/uploads/6.jpg
E:\InsAI\git\Insai_deepfashion2\web_demo/static/uploads/
saving E:\InsAI\git\Insai_deepfashion2\web_demo/static/uploads/6.jpg
E:\InsAI\git\Insai_deepfashion2\web_demo/static/uploads/
saving E:\InsAI\git\Insai_deepfashion2\web_demo/static/uploads/5.jpg
E:\InsAI\git\Insai_deepfashion2\web_demo/static/uploads/
saving E:\InsAI\git\Insai_deepfashion2\web_demo/static/uploads/5.jpg
E:\InsAI\git\Insai_deepfashion2\web_demo/static/uploads/
saving E:\InsAI\git\Insai_deepfashion2\web_demo/static/uploads/1.jpg
E:\InsAI\git\Insai_deepfashion2\web_demo/static/uploads/
saving E:\InsAI\git\Insai_deepfashion2\web_demo/static/uploads/5.jpg
E:\InsAI\git\Insai_deepfashion2\web_demo/static/uploads/
saving E:\InsAI\git\Insai_deepfashion2\web_demo/static/uploads/48.jpg
E:\InsAI\git\Insai_deepfashion2\web_demo/static/uploads/
saving E:\InsAI\git\Insai_deepfashion2\web_demo/static/uploads/27.jpg
E:\InsAI\git\Insai_deepfashion2\web_demo/static/uploads/
saving E:\InsAI\git\Insai_deepfashion2\web_demo/static/uploads/5.jpg
E:\InsAI\git\Insai_deepfashion2\web_demo/static/uploads/
saving E:\InsAI\git\Insai_deepfashion2\web_demo/static/uploads/59.jpg
E:\InsAI\git\Insai_deepfashion2\web_demo/static/uploads/
saving E:\InsAI\git\Insai_deepfashion2\web_demo/static/uploads/4.jpg
E:\InsAI\git\Insai_deepfashion2\web_demo/static/uploads/
saving E:\InsAI\git\Insai_deepfashion2\web_demo/static/uploads/32.jpg
E:\InsAI\git\Insai_deepfashion2\web_demo/static/uploads/
saving E:\InsAI\git\Insai_deepfashion2\web_demo/static/uploads/6.jpg
E:\InsAI\git\Insai_deepfashion2\web_demo/static/uploads/
saving E:\InsAI\git\Insai_deepfashion2\web_demo/static/uploads/5.jpg
E:\InsAI\git\Insai_deepfashion2\web_demo/static/uploads/
saving E:\InsAI\git\Insai_deepfashion2\web_demo/static/uploads/15.jpg
E:\InsAI\git\Insai_deepfashion2\web_demo/static/uploads/
saving E:\InsAI\git\Insai_deepfashion2\web_demo/static/uploads/4.jpg
E:\InsAI\git\Insai_deepfashion2\web_demo/static/uploads/
saving E:\InsAI\git\Insai_deepfashion2\web_demo/static/uploads/46.jpg
E:\InsAI\git\Insai_deepfashion2\web_demo/static/uploads/
saving E:\InsAI\git\Insai_deepfashion2\web_demo/static/uploads/3.jpg
E:\InsAI\git\Insai_deepfashion2\web_demo/static/uploads/
saving E:\InsAI\git\Insai_deepfashion2\web_demo/static/uploads/61.jpg
E:\InsAI\git\Insai_deepfashion2\web_demo/static/uploads/
saving E:\InsAI\git\Insai_deepfashion2\web_demo/static/uploads/4.jpg
E:\InsAI\git\Insai_deepfashion2\web_demo/static/uploads/
saving E:\InsAI\git\Insai_deepfashion2\web_demo/static/uploads/2.jpg
E:\InsAI\git\Insai_deepfashion2\web_demo/static/uploads/
saving E:\InsAI\git\Insai_deepfashion2\web_demo/static/uploads/3.jpg
E:\InsAI\git\Insai_deepfashion2\web_demo/static/uploads/
saving E:\InsAI\git\Insai_deepfashion2\web_demo/static/uploads/38.jpg
E:\InsAI\git\Insai_deepfashion2\web_demo/static/uploads/
saving E:\InsAI\git\Insai_deepfashion2\web_demo/static/uploads/29.jpg
E:\InsAI\git\Insai_deepfashion2\web_demo/static/uploads/
saving E:\InsAI\git\Insai_deepfashion2\web_demo/static/uploads/000000006.png
E:\InsAI\git\Insai_deepfashion2\web_demo/static/uploads/
saving E:\InsAI\git\Insai_deepfashion2\web_demo/static/uploads/4.jpg
E:\InsAI\git\Insai_deepfashion2\web_demo/static/uploads/
saving E:\InsAI\git\Insai_deepfashion2\web_demo/static/uploads/5.jpg
E:\InsAI\git\Insai_deepfashion2\web_demo/static/uploads/
saving E:\InsAI\git\Insai_deepfashion2\web_demo/static/uploads/6.jpg
E:\InsAI\git\Insai_deepfashion2\web_demo/static/uploads/
saving E:\InsAI\git\Insai_deepfashion2\web_demo/static/uploads/6.jpg
E:\InsAI\git\Insai_deepfashion2\web_demo/static/uploads/
saving E:\InsAI\git\Insai_deepfashion2\web_demo/static/uploads/ezgif.jpg
E:\InsAI\git\Insai_deepfashion2\web_demo/static/uploads/
saving E:\InsAI\git\Insai_deepfashion2\web_demo/static/uploads/dien-ao-phao-gio.jpg
E:\InsAI\git\Insai_deepfashion2\web_demo/static/uploads/
saving E:\InsAI\git\Insai_deepfashion2\web_demo/static/uploads/dien-ao-phao-gio.jpg
E:\InsAI\git\Insai_deepfashion2\web_demo/static/uploads/
saving E:\InsAI\git\Insai_deepfashion2\web_demo/static/uploads/fashion-jackson.jpg
E:\InsAI\git\Insai_deepfashion2\web_demo/static/uploads/
saving E:\InsAI\git\Insai_deepfashion2\web_demo/static/uploads/fashion-jackson.jpg
E:\InsAI\git\Insai_deepfashion2\web_demo/static/uploads/
saving E:\InsAI\git\Insai_deepfashion2\web_demo/static/uploads/ezgif.jpg
E:\InsAI\git\Insai_deepfashion2\web_demo/static/uploads/
saving E:\InsAI\git\Insai_deepfashion2\web_demo/static/uploads/ezgif.jpg
E:\InsAI\git\Insai_deepfashion2\web_demo/static/uploads/
saving E:\InsAI\git\Insai_deepfashion2\web_demo/static/uploads/test.jpg
E:\InsAI\git\Insai_deepfashion2\web_demo/static/uploads/
saving E:\InsAI\git\Insai_deepfashion2\web_demo/static/uploads/t.jpg
E:\InsAI\git\Insai_deepfashion2\web_demo/static/uploads/
saving E:\InsAI\git\Insai_deepfashion2\web_demo/static/uploads/test.jpg
E:\InsAI\git\Insai_deepfashion2\web_demo/static/uploads/
saving E:\InsAI\git\Insai_deepfashion2\web_demo/static/uploads/dien-ao-phao-gio.jpg
E:\InsAI\git\Insai_deepfashion2\web_demo/static/uploads/
saving E:\InsAI\git\Insai_deepfashion2\web_demo/static/uploads/dien-ao-phao-gio.jpg
E:\InsAI\git\Insai_deepfashion2\web_demo/static/uploads/
saving E:\InsAI\git\Insai_deepfashion2\web_demo/static/uploads/dien-ao-phao-gio.jpg
E:\InsAI\git\Insai_deepfashion2\web_demo/static/uploads/
saving E:\InsAI\git\Insai_deepfashion2\web_demo/static/uploads/test.jpg
E:\InsAI\git\Insai_deepfashion2\web_demo/static/uploads/
saving E:\InsAI\git\Insai_deepfashion2\web_demo/static/uploads/dien-ao-phao-gio.jpg
E:\InsAI\git\Insai_deepfashion2\web_demo/static/uploads/
saving E:\InsAI\git\Insai_deepfashion2\web_demo/static/uploads/dien-ao-phao-gio.jpg
E:\InsAI\git\Insai_deepfashion2\web_demo/static/uploads/
saving E:\InsAI\git\Insai_deepfashion2\web_demo/static/uploads/ezgif.jpg
E:\InsAI\git\Insai_deepfashion2\web_demo/static/uploads/
saving E:\InsAI\git\Insai_deepfashion2\web_demo/static/uploads/ezgif.jpg
E:\InsAI\git\Insai_deepfashion2\web_demo/static/uploads/
saving E:\InsAI\git\Insai_deepfashion2\web_demo/static/uploads/t.jpg
E:\InsAI\git\Insai_deepfashion2\web_demo/static/uploads/
saving E:\InsAI\git\Insai_deepfashion2\web_demo/static/uploads/ezgif.jpg
E:\InsAI\git\Insai_deepfashion2\web_demo/static/uploads/
saving E:\InsAI\git\Insai_deepfashion2\web_demo/static/uploads/ezgif.jpg
E:\InsAI\git\Insai_deepfashion2\web_demo/static/uploads/
saving E:\InsAI\git\Insai_deepfashion2\web_demo/static/uploads/ezgif.jpg
E:\InsAI\git\Insai_deepfashion2\web_demo/static/uploads/
saving E:\InsAI\git\Insai_deepfashion2\web_demo/static/uploads/dien-ao-phao-gio.jpg
E:\InsAI\git\Insai_deepfashion2\web_demo/static/uploads/
saving E:\InsAI\git\Insai_deepfashion2\web_demo/static/uploads/fashion-jackson.jpg
E:\InsAI\git\Insai_deepfashion2\web_demo/static/uploads/
saving E:\InsAI\git\Insai_deepfashion2\web_demo/static/uploads/dien-ao-phao-gio.jpg
E:\InsAI\git\Insai_deepfashion2\web_demo/static/uploads/
Exception on /upload [POST]
Traceback (most recent call last):
  File "C:\Users\nhanv\Anaconda3\lib\site-packages\flask\app.py", line 2446, in wsgi_app
    response = self.full_dispatch_request()
  File "C:\Users\nhanv\Anaconda3\lib\site-packages\flask\app.py", line 1951, in full_dispatch_request
    rv = self.handle_user_exception(e)
  File "C:\Users\nhanv\Anaconda3\lib\site-packages\flask\app.py", line 1820, in handle_user_exception
    reraise(exc_type, exc_value, tb)
  File "C:\Users\nhanv\Anaconda3\lib\site-packages\flask\_compat.py", line 39, in reraise
    raise value
  File "C:\Users\nhanv\Anaconda3\lib\site-packages\flask\app.py", line 1949, in full_dispatch_request
    rv = self.dispatch_request()
  File "C:\Users\nhanv\Anaconda3\lib\site-packages\flask\app.py", line 1935, in dispatch_request
    return self.view_functions[rule.endpoint](**req.view_args)
  File ".\app.py", line 31, in upload
    thresh = request.thresh
  File "C:\Users\nhanv\Anaconda3\lib\site-packages\werkzeug\local.py", line 348, in __getattr__
    return getattr(self._get_current_object(), name)
AttributeError: 'Request' object has no attribute 'thresh'
E:\InsAI\git\Insai_deepfashion2\web_demo/static/uploads/
Exception on /upload [POST]
Traceback (most recent call last):
  File "C:\Users\nhanv\Anaconda3\lib\site-packages\flask\app.py", line 2446, in wsgi_app
    response = self.full_dispatch_request()
  File "C:\Users\nhanv\Anaconda3\lib\site-packages\flask\app.py", line 1951, in full_dispatch_request
    rv = self.handle_user_exception(e)
  File "C:\Users\nhanv\Anaconda3\lib\site-packages\flask\app.py", line 1820, in handle_user_exception
    reraise(exc_type, exc_value, tb)
  File "C:\Users\nhanv\Anaconda3\lib\site-packages\flask\_compat.py", line 39, in reraise
    raise value
  File "C:\Users\nhanv\Anaconda3\lib\site-packages\flask\app.py", line 1949, in full_dispatch_request
    rv = self.dispatch_request()
  File "C:\Users\nhanv\Anaconda3\lib\site-packages\flask\app.py", line 1935, in dispatch_request
    return self.view_functions[rule.endpoint](**req.view_args)
  File ".\app.py", line 32, in upload
    thresh = request.thresh
  File "C:\Users\nhanv\Anaconda3\lib\site-packages\werkzeug\local.py", line 348, in __getattr__
    return getattr(self._get_current_object(), name)
AttributeError: 'Request' object has no attribute 'thresh'
E:\InsAI\git\Insai_deepfashion2\web_demo/static/uploads/
Exception on /upload [POST]
Traceback (most recent call last):
  File "C:\Users\nhanv\Anaconda3\lib\site-packages\flask\app.py", line 2446, in wsgi_app
    response = self.full_dispatch_request()
  File "C:\Users\nhanv\Anaconda3\lib\site-packages\flask\app.py", line 1951, in full_dispatch_request
    rv = self.handle_user_exception(e)
  File "C:\Users\nhanv\Anaconda3\lib\site-packages\flask\app.py", line 1820, in handle_user_exception
    reraise(exc_type, exc_value, tb)
  File "C:\Users\nhanv\Anaconda3\lib\site-packages\flask\_compat.py", line 39, in reraise
    raise value
  File "C:\Users\nhanv\Anaconda3\lib\site-packages\flask\app.py", line 1949, in full_dispatch_request
    rv = self.dispatch_request()
  File "C:\Users\nhanv\Anaconda3\lib\site-packages\flask\app.py", line 1935, in dispatch_request
    return self.view_functions[rule.endpoint](**req.view_args)
  File ".\app.py", line 32, in upload
    thresh = request.thresh
  File "C:\Users\nhanv\Anaconda3\lib\site-packages\werkzeug\local.py", line 348, in __getattr__
    return getattr(self._get_current_object(), name)
AttributeError: 'Request' object has no attribute 'thresh'
E:\InsAI\git\Insai_deepfashion2\web_demo/static/uploads/
E:\InsAI\git\Insai_deepfashion2\web_demo/static/uploads/
E:\InsAI\git\Insai_deepfashion2\web_demo/static/uploads/
E:\InsAI\git\Insai_deepfashion2\web_demo/static/uploads/
E:\InsAI\git\Insai_deepfashion2\web_demo/static/uploads/
E:\InsAI\git\Insai_deepfashion2\web_demo/static/uploads/
E:\InsAI\git\Insai_deepfashion2\web_demo/static/uploads/
E:\InsAI\git\Insai_deepfashion2\web_demo/static/uploads/
E:\InsAI\git\Insai_deepfashion2\web_demo/static/uploads/
E:\InsAI\git\Insai_deepfashion2\web_demo/static/uploads/
E:\InsAI\git\Insai_deepfashion2\web_demo/static/uploads/
E:\InsAI\git\Insai_deepfashion2\web_demo/static/uploads/
E:\InsAI\git\Insai_deepfashion2\web_demo/static/uploads/
E:\InsAI\git\Insai_deepfashion2\web_demo/static/uploads/
E:\InsAI\git\Insai_deepfashion2\web_demo/static/uploads/
saving E:\InsAI\git\Insai_deepfashion2\web_demo/static/uploads/fashion-jackson.jpg
Exception on /upload [POST]
Traceback (most recent call last):
  File "C:\Users\nhanv\Anaconda3\lib\site-packages\flask\app.py", line 2446, in wsgi_app
    response = self.full_dispatch_request()
  File "C:\Users\nhanv\Anaconda3\lib\site-packages\flask\app.py", line 1951, in full_dispatch_request
    rv = self.handle_user_exception(e)
  File "C:\Users\nhanv\Anaconda3\lib\site-packages\flask\app.py", line 1820, in handle_user_exception
    reraise(exc_type, exc_value, tb)
  File "C:\Users\nhanv\Anaconda3\lib\site-packages\flask\_compat.py", line 39, in reraise
    raise value
  File "C:\Users\nhanv\Anaconda3\lib\site-packages\flask\app.py", line 1949, in full_dispatch_request
    rv = self.dispatch_request()
  File "C:\Users\nhanv\Anaconda3\lib\site-packages\flask\app.py", line 1935, in dispatch_request
    return self.view_functions[rule.endpoint](**req.view_args)
  File ".\app.py", line 38, in upload_image
    url = 'http://localhost:8081/get_detection/{}'.format(thresh)
NameError: name 'thresh' is not defined
E:\InsAI\git\Insai_deepfashion2\web_demo/static/uploads/
saving E:\InsAI\git\Insai_deepfashion2\web_demo/static/uploads/dien-ao-phao-gio.jpg
E:\InsAI\git\Insai_deepfashion2\web_demo/static/uploads/
saving E:\InsAI\git\Insai_deepfashion2\web_demo/static/uploads/dien-ao-phao-gio.jpg
E:\InsAI\git\Insai_deepfashion2\web_demo/static/uploads/
saving E:\InsAI\git\Insai_deepfashion2\web_demo/static/uploads/dien-ao-phao-gio.jpg
E:\InsAI\git\Insai_deepfashion2\web_demo/static/uploads/
saving E:\InsAI\git\Insai_deepfashion2\web_demo/static/uploads/dien-ao-phao-gio.jpg
E:\InsAI\git\Insai_deepfashion2\web_demo/static/uploads/
saving E:\InsAI\git\Insai_deepfashion2\web_demo/static/uploads/fashion-jackson.jpg
E:\InsAI\git\Insai_deepfashion2\web_demo/static/uploads/
saving E:\InsAI\git\Insai_deepfashion2\web_demo/static/uploads/fashion-jackson.jpg
E:\InsAI\git\Insai_deepfashion2\web_demo/static/uploads/
saving E:\InsAI\git\Insai_deepfashion2\web_demo/static/uploads/fashion-jackson.jpg
